<?xml version="1.0" encoding="UTF-8"?>
<testsuite xmlns:xsi="http://www.w3.org/2001/XMLSchema-instance" xsi:noNamespaceSchemaLocation="https://maven.apache.org/surefire/maven-surefire-plugin/xsd/surefire-test-report.xsd" version="3.0.2" name="com.example.RunCucumberTest" time="0.036" tests="2" errors="0" skipped="0" failures="1">
  <properties>
[...]
</properties>
  <testcase name="Sample feature - passing scenario" classname="Sample feature" time="0.015"/>
  <testcase name="Sample feature - failing scenario" classname="Sample feature" time="0.003">
    <failure message="scenario fails" type="java.lang.AssertionError"><![CDATA[java.lang.AssertionError: scenario fails
	at com.example.StepDefinitions.aFailingStep(StepDefinitions.java:12)
	at ✽.a failing step(classpath:com/example/sample.feature:7)
]]></failure>
  </testcase>
</testsuite>