<?xml version="1.0" encoding="UTF-8"?>
<testsuite name="com.example.TemporalTest" tests="0" errors="0" skipped="0" failures="0" time="0.064">
  <testcase name="shouldParseWeek" classname="com.example.TemporalTest$GivenWeek" time="0.025"/>
  <testcase name="shouldParseYear" classname="com.example.TemporalTest$GivenYear" time="0.003"/>
  <testcase name="shouldRejectGarbage" classname="com.example.TemporalTest$GivenUnsupportedForm" time="0.001">
    <failure message="expected true but was false" type="org.opentest4j.AssertionFailedError">expected true but was false</failure>
  </testcase>
</testsuite>
